{"/Users/veyselmac/Desktop/react-offline-test/src/components/GenerationMix.js": {"path":"/Users/veyselmac/Desktop/react-offline-test/src/components/GenerationMix.js","statementMap":{"0":{"start":{"line":4,"column":22},"end":{"line":19,"column":1}},"1":{"start":{"line":5,"column":2},"end":{"line":18,"column":3}},"2":{"start":{"line":6,"column":4},"end":{"line":11,"column":5}},"3":{"start":{"line":13,"column":4},"end":{"line":17,"column":5}},"4":{"start":{"line":21,"column":0},"end":{"line":24,"column":1}}},"fnMap":{"0":{"name":"(anonymous_0)","decl":{"start":{"line":4,"column":22},"end":{"line":4,"column":23}},"loc":{"start":{"line":4,"column":33},"end":{"line":19,"column":1}},"line":4}},"branchMap":{"0":{"loc":{"start":{"line":5,"column":2},"end":{"line":18,"column":3}},"type":"if","locations":[{"start":{"line":5,"column":2},"end":{"line":18,"column":3}},{"start":{"line":5,"column":2},"end":{"line":18,"column":3}}],"line":5},"1":{"loc":{"start":{"line":5,"column":6},"end":{"line":5,"column":41}},"type":"binary-expr","locations":[{"start":{"line":5,"column":6},"end":{"line":5,"column":11}},{"start":{"line":5,"column":16},"end":{"line":5,"column":26}},{"start":{"line":5,"column":30},"end":{"line":5,"column":40}}],"line":5}},"s":{"0":4,"1":15,"2":10,"3":5,"4":4},"f":{"0":15},"b":{"0":[10,5],"1":[15,15,10]},"_coverageSchema":"43e27e138ebf9cfc5966b082cf9a028302ed4184","hash":"af7cb9c32c9585e3773ec626bfd1212269eea3f8"}
,"/Users/veyselmac/Desktop/react-offline-test/src/components/GenerationMixTable.js": {"path":"/Users/veyselmac/Desktop/react-offline-test/src/components/GenerationMixTable.js","statementMap":{"0":{"start":{"line":4,"column":25},"end":{"line":7,"column":1}},"1":{"start":{"line":9,"column":27},"end":{"line":31,"column":1}},"2":{"start":{"line":12,"column":2},"end":{"line":18,"column":3}},"3":{"start":{"line":13,"column":4},"end":{"line":15,"column":6}},"4":{"start":{"line":14,"column":6},"end":{"line":14,"column":58}},"5":{"start":{"line":17,"column":4},"end":{"line":17,"column":41}},"6":{"start":{"line":20,"column":2},"end":{"line":30,"column":3}}},"fnMap":{"0":{"name":"(anonymous_0)","decl":{"start":{"line":9,"column":27},"end":{"line":9,"column":28}},"loc":{"start":{"line":9,"column":53},"end":{"line":31,"column":1}},"line":9},"1":{"name":"(anonymous_1)","decl":{"start":{"line":13,"column":45},"end":{"line":13,"column":46}},"loc":{"start":{"line":13,"column":68},"end":{"line":15,"column":5}},"line":13}},"branchMap":{"0":{"loc":{"start":{"line":12,"column":2},"end":{"line":18,"column":3}},"type":"if","locations":[{"start":{"line":12,"column":2},"end":{"line":18,"column":3}},{"start":{"line":12,"column":2},"end":{"line":18,"column":3}}],"line":12},"1":{"loc":{"start":{"line":12,"column":6},"end":{"line":12,"column":53}},"type":"binary-expr","locations":[{"start":{"line":12,"column":6},"end":{"line":12,"column":22}},{"start":{"line":12,"column":26},"end":{"line":12,"column":53}}],"line":12}},"s":{"0":3,"1":3,"2":15,"3":3,"4":3,"5":12,"6":15},"f":{"0":15,"1":3},"b":{"0":[3,12],"1":[15,6]},"_coverageSchema":"43e27e138ebf9cfc5966b082cf9a028302ed4184","hash":"20850e1aff9ad4cddd543cd094d2543109cf2f65"}
,"/Users/veyselmac/Desktop/react-offline-test/src/components/Header.js": {"path":"/Users/veyselmac/Desktop/react-offline-test/src/components/Header.js","statementMap":{"0":{"start":{"line":5,"column":15},"end":{"line":17,"column":1}},"1":{"start":{"line":6,"column":18},"end":{"line":6,"column":74}},"2":{"start":{"line":7,"column":16},"end":{"line":7,"column":68}},"3":{"start":{"line":8,"column":2},"end":{"line":16,"column":3}},"4":{"start":{"line":19,"column":0},"end":{"line":22,"column":1}}},"fnMap":{"0":{"name":"(anonymous_0)","decl":{"start":{"line":5,"column":15},"end":{"line":5,"column":16}},"loc":{"start":{"line":5,"column":33},"end":{"line":17,"column":1}},"line":5}},"branchMap":{"0":{"loc":{"start":{"line":6,"column":18},"end":{"line":6,"column":74}},"type":"cond-expr","locations":[{"start":{"line":6,"column":25},"end":{"line":6,"column":66}},{"start":{"line":6,"column":69},"end":{"line":6,"column":74}}],"line":6},"1":{"loc":{"start":{"line":7,"column":16},"end":{"line":7,"column":68}},"type":"cond-expr","locations":[{"start":{"line":7,"column":21},"end":{"line":7,"column":60}},{"start":{"line":7,"column":63},"end":{"line":7,"column":68}}],"line":7}},"s":{"0":3,"1":14,"2":14,"3":14,"4":3},"f":{"0":14},"b":{"0":[9,5],"1":[9,5]},"_coverageSchema":"43e27e138ebf9cfc5966b082cf9a028302ed4184","hash":"030debae4772b02fd9be43f615a5597f6dc753fb"}
,"/Users/veyselmac/Desktop/react-offline-test/src/containers/App.js": {"path":"/Users/veyselmac/Desktop/react-offline-test/src/containers/App.js","statementMap":{"0":{"start":{"line":4,"column":12},"end":{"line":8,"column":1}},"1":{"start":{"line":5,"column":2},"end":{"line":7,"column":8}}},"fnMap":{"0":{"name":"(anonymous_0)","decl":{"start":{"line":4,"column":12},"end":{"line":4,"column":13}},"loc":{"start":{"line":5,"column":2},"end":{"line":7,"column":8}},"line":5}},"branchMap":{},"s":{"0":1,"1":2},"f":{"0":2},"b":{},"_coverageSchema":"43e27e138ebf9cfc5966b082cf9a028302ed4184","hash":"747fecae5cfc9419a5f3926e52ce7e506b6b268f"}
,"/Users/veyselmac/Desktop/react-offline-test/src/containers/UkEnergyMix.js": {"path":"/Users/veyselmac/Desktop/react-offline-test/src/containers/UkEnergyMix.js","statementMap":{"0":{"start":{"line":8,"column":4},"end":{"line":8,"column":16}},"1":{"start":{"line":9,"column":4},"end":{"line":13,"column":5}},"2":{"start":{"line":16,"column":19},"end":{"line":16,"column":83}},"3":{"start":{"line":17,"column":4},"end":{"line":21,"column":6}},"4":{"start":{"line":24,"column":4},"end":{"line":29,"column":5}}},"fnMap":{"0":{"name":"(anonymous_0)","decl":{"start":{"line":7,"column":2},"end":{"line":7,"column":3}},"loc":{"start":{"line":7,"column":21},"end":{"line":14,"column":3}},"line":7},"1":{"name":"(anonymous_1)","decl":{"start":{"line":15,"column":2},"end":{"line":15,"column":3}},"loc":{"start":{"line":15,"column":28},"end":{"line":22,"column":3}},"line":15},"2":{"name":"(anonymous_2)","decl":{"start":{"line":23,"column":2},"end":{"line":23,"column":3}},"loc":{"start":{"line":23,"column":11},"end":{"line":30,"column":3}},"line":23}},"branchMap":{},"s":{"0":5,"1":5,"2":8,"3":8,"4":13},"f":{"0":5,"1":8,"2":13},"b":{},"_coverageSchema":"43e27e138ebf9cfc5966b082cf9a028302ed4184","hash":"6e7ecead65fbc9d1d1766f043c18d1b877ea66b6"}
}
