TN:
SF:/Users/veyselmac/Desktop/react-offline-test/src/components/GenerationMix.js
FN:4,(anonymous_0)
FNF:1
FNH:1
FNDA:15,(anonymous_0)
DA:4,4
DA:5,15
DA:6,10
DA:13,5
DA:21,4
LF:5
LH:5
BRDA:5,0,0,10
BRDA:5,0,1,5
BRDA:5,1,0,15
BRDA:5,1,1,15
BRDA:5,1,2,10
BRF:5
BRH:5
end_of_record
TN:
SF:/Users/veyselmac/Desktop/react-offline-test/src/components/GenerationMixTable.js
FN:9,(anonymous_0)
FN:13,(anonymous_1)
FNF:2
FNH:2
FNDA:15,(anonymous_0)
FNDA:3,(anonymous_1)
DA:4,3
DA:9,3
DA:12,15
DA:13,3
DA:14,3
DA:17,12
DA:20,15
LF:7
LH:7
BRDA:12,0,0,3
BRDA:12,0,1,12
BRDA:12,1,0,15
BRDA:12,1,1,6
BRF:4
BRH:4
end_of_record
TN:
SF:/Users/veyselmac/Desktop/react-offline-test/src/components/Header.js
FN:5,(anonymous_0)
FNF:1
FNH:1
FNDA:14,(anonymous_0)
DA:5,3
DA:6,14
DA:7,14
DA:8,14
DA:19,3
LF:5
LH:5
BRDA:6,0,0,9
BRDA:6,0,1,5
BRDA:7,1,0,9
BRDA:7,1,1,5
BRF:4
BRH:4
end_of_record
TN:
SF:/Users/veyselmac/Desktop/react-offline-test/src/containers/App.js
FN:4,(anonymous_0)
FNF:1
FNH:1
FNDA:2,(anonymous_0)
DA:4,1
DA:5,2
LF:2
LH:2
BRF:0
BRH:0
end_of_record
TN:
SF:/Users/veyselmac/Desktop/react-offline-test/src/containers/UkEnergyMix.js
FN:7,(anonymous_0)
FN:15,(anonymous_1)
FN:23,(anonymous_2)
FNF:3
FNH:3
FNDA:5,(anonymous_0)
FNDA:8,(anonymous_1)
FNDA:13,(anonymous_2)
DA:8,5
DA:9,5
DA:16,8
DA:17,8
DA:24,13
LF:5
LH:5
BRF:0
BRH:0
end_of_record
